<?xml version="1.0" encoding="UTF-8"?>
<!-- Generated by org.testng.reporters.JUnitReportReporter -->
<testsuite hostname="DESKTOP-CLKKD43" failures="0" tests="1" name="tests.LoginTest" time="27.773" errors="0" timestamp="2022-02-19T22:54:45 EET" skipped="0">
  <testcase classname="tests.LoginTest" name="UserLogin" time="27.773"/>
  <system-out/>
</testsuite> <!-- tests.LoginTest -->
